[localhost_10016/index.html]
[external.html]
[backblue.gif]
[fade.gif]
[index.html]
[localhost_10016/index.html]
[localhost_10016/ln.href, location.html]
[localhost_10016/firebase-auth-compat.html]
[localhost_10016/about/index.html]
[localhost_10016/wp-content/uploads/2021/06/video-7.jpg]
[localhost_10016/blog/index.html]
[localhost_10016/wp-content/uploads/2021/06/video-2.jpg]
[localhost_10016/contact-us/index.html]
[localhost_10016/wp-content/uploads/2021/06/video-3.jpg]
[localhost_10016/wp-content/uploads/2021/06/video-4.jpg]
[localhost_10016/wp-content/uploads/2021/06/video-5.jpg]
[localhost_10016/wp-content/uploads/2021/06/video-6.jpg]
[localhost_10016/wp-content/uploads/2021/06/video-1.jpg]
[localhost_10016/one-hundred-years-of-solitude/index.html]
[localhost_10016/category/stories/index.html]
[localhost_10016/category/uncategorized/index.html]
[localhost_10016/wp-content/uploads/2021/06/blog-img-6-768x637.jpg]
[localhost_10016/the-last-life/index.html]
[localhost_10016/quisque-iddiam-velquam-elementum-pulvinar/index.html]
[localhost_10016/category/commercial/index.html]
[gmpg.org/xfn/11.html]
[localhost_10016/wp-content/uploads/blocksy/css/global2ade.css]
[localhost_10016/wp-content/plugins/stackable-ultimate-gutenberg-blocks/dist/frontend_blocksa2f8.css]
[localhost_10016/wp-content/uploads/2021/06/footer-bg.png]
[localhost_10016/wp-includes/css/dist/block-library/style.min32d4.css]
[localhost_10016/wp-content/themes/blocksy/style32d4.css]
[localhost_10016/wp-content/themes/blocksy/static/bundle/main.min202b.css]
[localhost_10016/wp-content/themes/blocksy/static/fonts/stars.woff2]
[localhost_10016/wp-content/themes/blocksy/static/bundle/stackable.min202b.css]
[localhost_10016/wp-content/themes/blocksy/static/bundle/no-scripts.min.css]
[localhost_10016/wp-content/uploads/2021/06/logo_light.svg]
[localhost_10016/about/index.html]
[localhost_10016/about/ln.href, location.html]
[localhost_10016/blog/index.html]
[localhost_10016/about/firebase-auth-compat.html]
[localhost_10016/contact-us/index.html]
[localhost_10016/wp-content/uploads/2021/06/bg.png]
[localhost_10016/wp-content/uploads/2021/06/about-image.png]
[localhost_10016/one-hundred-years-of-solitude/index.html]
[localhost_10016/category/stories/index.html]
[localhost_10016/category/uncategorized/index.html]
[localhost_10016/wp-content/uploads/2021/06/team-member-2@2x.jpg]
[localhost_10016/wp-content/uploads/2021/06/team-member-4@2x.jpg]
[localhost_10016/wp-content/uploads/2021/06/testimonial_avatar@2x.png]
[localhost_10016/wp-content/uploads/2021/06/team-member-1@2x.jpg]
[localhost_10016/wp-content/uploads/2021/06/person-cta@2x.png]
[localhost_10016/the-last-life/ln.href, location.origin]
[localhost_10016/wp-content/uploads/2021/06/blog-img-5-768x637.jpg]
[localhost_10016/the-last-life/index.html]
[localhost_10016/quisque-iddiam-velquam-elementum-pulvinar/index.html]
[localhost_10016/pellentesque-eliteget-gravida-cum-ornare/index.html]
[localhost_10016/category/commercial/index.html]
[localhost_10016/wp-content/uploads/2021/06/blog-img-4-768x637.jpg]
[localhost_10016/category/video/index.html]
[localhost_10016/contact/index.html]
[localhost_10016/quam-vulputate-dignissim-suspendisse-intellus/index.html]
[localhost_10016/wp-content/uploads/2021/06/blog-img-1@2x-768x637.jpg]
[localhost_10016/wp-content/themes/blocksy/static/bundle/main202b.js]
[localhost_10016/category/vfx/index.html]
[localhost_10016/wp-content/uploads/2021/06/blog-img-2@2x-768x637.jpg]
[localhost_10016/vestibulum-commodo-sapien-non-elit-vitae/index.html]
[localhost_10016/wp-content/plugins/stackable-ultimate-gutenberg-blocks/dist/frontend_block_video_popupa2f8.js]
[localhost_10016/wp-content/uploads/2021/06/blog-img-3@2x-768x637.jpg]
[gmpg.org/xfn/default.css]
[localhost_10016/proin-ex-ipsum-facilisis-tincidunt-vulputate/index.html]
[gmpg.org/xfn/.html]
[localhost_10016/duis-mauris-augue-efficitur-posuere-dignissim-neque/index.html]
[gmpg.org/xfn/intro.html]
[localhost_10016/contact-us/ln.href, location.html]
[gmpg.org/xfn/faq.html]
[localhost_10016/contact-us/firebase-auth-compat.html]
[localhost_10016/wp-content/themes/blocksy/static/bundle/page-title.min202b.css]
[localhost_10016/one-hundred-years-of-solitude/ln.href, location.html]
[localhost_10016/indexb916.html]
[localhost_10016/one-hundred-years-of-solitude/firebase-auth-compat.html]
[localhost_10016/pellentesque-eliteget-gravida-cum-ornare/index.html]
[localhost_10016/wp-content/uploads/2021/06/blog-img-1@2x-150x150.jpg]
[localhost_10016/category/video/index.html]
[localhost_10016/quam-vulputate-dignissim-suspendisse-intellus/index.html]
[localhost_10016/wp-content/uploads/2021/06/blog-img-2@2x-150x150.jpg]
[localhost_10016/wp-content/uploads/2021/06/blog-img-3@2x-150x150.jpg]
[localhost_10016/author/fluke/index.html]
[localhost_10016/category/vfx/index.html]
[localhost_10016/vestibulum-commodo-sapien-non-elit-vitae/index.html]
[localhost_10016/wp-content/uploads/2021/06/video-6-150x150.jpg]
[localhost_10016/wp-content/uploads/2021/06/video-5-150x150.jpg]
[localhost_10016/wp-content/uploads/2021/06/blog-img-4-150x150.jpg]
[localhost_10016/wp-content/uploads/2021/06/blog-img-5-150x150.jpg]
[localhost_10016/proin-ex-ipsum-facilisis-tincidunt-vulputate/index.html]
[localhost_10016/duis-mauris-augue-efficitur-posuere-dignissim-neque/index.html]
[localhost_10016/quisque-iddiam-velquam-elementum-pulvinar/ln.href, location.html]
[localhost_10016/the-last-life/firebase-auth-compat.html]
[localhost_10016/index6215.html]
[localhost_10016/quisque-iddiam-velquam-elementum-pulvinar/firebase-auth-compat.html]
[localhost_10016/wp-content/uploads/2021/06/blog-img-6.jpg]
[localhost_10016/wp-content/themes/blocksy/static/bundle/sidebar.min202b.css]
[localhost_10016/wp-content/uploads/2021/06/blog-img-5.jpg]
[localhost_10016/pellentesque-eliteget-gravida-cum-ornare/firebase-auth-compat.html]
[localhost_10016/pellentesque-eliteget-gravida-cum-ornare/ln.href, location.html]
[localhost_10016/index6f5e.html]
[localhost_10016/quam-vulputate-dignissim-suspendisse-intellus/ln.href, location.html]
[localhost_10016/author/fluke/index.html]
[localhost_10016/wp-content/uploads/2021/06/blog-img-4.jpg]
[localhost_10016/quam-vulputate-dignissim-suspendisse-intellus/firebase-auth-compat.html]
[localhost_10016/vestibulum-commodo-sapien-non-elit-vitae/ln.href, location.html]
[localhost_10016/index4e02.html]
[localhost_10016/wp-includes/js/comment-reply.min32d4.js]
[localhost_10016/vestibulum-commodo-sapien-non-elit-vitae/firebase-auth-compat.html]
[localhost_10016/wp-content/uploads/2021/06/blog-img-1@2x.jpg]
[localhost_10016/indexa2f3.html]
[localhost_10016/wp-content/uploads/2021/06/blog-img-2@2x.jpg]
[localhost_10016/proin-ex-ipsum-facilisis-tincidunt-vulputate/firebase-auth-compat.html]
[localhost_10016/proin-ex-ipsum-facilisis-tincidunt-vulputate/ln.href, location.html]
[localhost_10016/index1c40.html]
[localhost_10016/duis-mauris-augue-efficitur-posuere-dignissim-neque/ln.href, location.html]
[localhost_10016/wp-content/uploads/2021/06/blog-img-3@2x.jpg]
[localhost_10016/wp-content/uploads/2021/06/video-7-150x150.jpg]
[localhost_10016/duis-mauris-augue-efficitur-posuere-dignissim-neque/firebase-auth-compat.html]
[localhost_10016/index3d1a.html]
[localhost_10016/index5034.html]
[localhost_10016/indexd7c9.html]
[localhost_10016/indexcff1.html]
